{
  "stats": {
    "suites": 2,
    "tests": 15,
    "passes": 13,
    "pending": 0,
    "failures": 2,
    "testsRegistered": 15,
    "passPercent": 86.66666666666667,
    "pendingPercent": 0,
    "other": 0,
    "hasOther": false,
    "skipped": 0,
    "hasSkipped": false,
    "start": "2025-07-07T04:01:11.577Z",
    "end": "2025-07-07T04:04:46.551Z",
    "duration": 214974
  },
  "results": [
    {
      "uuid": "f2d9bbd1-e764-4274-95cb-949bd2ff9ee7",
      "title": "",
      "fullFile": "cypress\\e2e\\features\\login.feature",
      "file": "cypress\\e2e\\features\\login.feature",
      "beforeHooks": [],
      "afterHooks": [],
      "tests": [],
      "suites": [
        {
          "uuid": "b39963b8-e55f-4514-a764-9e4c0dcca7ca",
          "title": "Login Functionality",
          "fullFile": "",
          "file": "",
          "beforeHooks": [],
          "afterHooks": [],
          "tests": [
            {
              "title": "Valid login with correct credentials",
              "fullTitle": "Login Functionality Valid login with correct credentials",
              "timedOut": null,
              "duration": 9926,
              "state": "passed",
              "speed": "medium",
              "pass": true,
              "fail": false,
              "pending": false,
              "context": null,
              "code": "const state = window.testState;\nreturn cy\n  .then(() => state.onStartScenario(scenario, indexedSteps))\n  .then(() =>\n    resolveAndRunBeforeHooks.call(this, scenario.tags, state.feature.name)\n  )\n  .then(() =>\n    indexedSteps.forEach((step) =>\n      stepTest.call(this, state, step, rowData)\n    )\n  )\n  .then(() => state.onFinishScenario(scenario));",
              "err": {},
              "uuid": "ba24f8e3-b1df-4ac3-be1b-dd0ed096fd04",
              "parentUUID": "b39963b8-e55f-4514-a764-9e4c0dcca7ca",
              "isHook": false,
              "skipped": false
            },
            {
              "title": "Invalid login with incorrect password",
              "fullTitle": "Login Functionality Invalid login with incorrect password",
              "timedOut": null,
              "duration": 9536,
              "state": "passed",
              "speed": "medium",
              "pass": true,
              "fail": false,
              "pending": false,
              "context": null,
              "code": "const state = window.testState;\nreturn cy\n  .then(() => state.onStartScenario(scenario, indexedSteps))\n  .then(() =>\n    resolveAndRunBeforeHooks.call(this, scenario.tags, state.feature.name)\n  )\n  .then(() =>\n    indexedSteps.forEach((step) =>\n      stepTest.call(this, state, step, rowData)\n    )\n  )\n  .then(() => state.onFinishScenario(scenario));",
              "err": {},
              "uuid": "723ab833-7bed-496e-81ba-acd2c774bd5e",
              "parentUUID": "b39963b8-e55f-4514-a764-9e4c0dcca7ca",
              "isHook": false,
              "skipped": false
            },
            {
              "title": "Invalid login with incorrect username",
              "fullTitle": "Login Functionality Invalid login with incorrect username",
              "timedOut": null,
              "duration": 9242,
              "state": "passed",
              "speed": "medium",
              "pass": true,
              "fail": false,
              "pending": false,
              "context": null,
              "code": "const state = window.testState;\nreturn cy\n  .then(() => state.onStartScenario(scenario, indexedSteps))\n  .then(() =>\n    resolveAndRunBeforeHooks.call(this, scenario.tags, state.feature.name)\n  )\n  .then(() =>\n    indexedSteps.forEach((step) =>\n      stepTest.call(this, state, step, rowData)\n    )\n  )\n  .then(() => state.onFinishScenario(scenario));",
              "err": {},
              "uuid": "0632ad10-7d77-4800-af0f-f8fcc816b3d3",
              "parentUUID": "b39963b8-e55f-4514-a764-9e4c0dcca7ca",
              "isHook": false,
              "skipped": false
            },
            {
              "title": "Invalid login with empty credentials",
              "fullTitle": "Login Functionality Invalid login with empty credentials",
              "timedOut": null,
              "duration": 7877,
              "state": "passed",
              "speed": "medium",
              "pass": true,
              "fail": false,
              "pending": false,
              "context": null,
              "code": "const state = window.testState;\nreturn cy\n  .then(() => state.onStartScenario(scenario, indexedSteps))\n  .then(() =>\n    resolveAndRunBeforeHooks.call(this, scenario.tags, state.feature.name)\n  )\n  .then(() =>\n    indexedSteps.forEach((step) =>\n      stepTest.call(this, state, step, rowData)\n    )\n  )\n  .then(() => state.onFinishScenario(scenario));",
              "err": {},
              "uuid": "019c85fb-d13c-458e-827d-5919d2fc641f",
              "parentUUID": "b39963b8-e55f-4514-a764-9e4c0dcca7ca",
              "isHook": false,
              "skipped": false
            },
            {
              "title": "Invalid login with username only filled",
              "fullTitle": "Login Functionality Invalid login with username only filled",
              "timedOut": null,
              "duration": 8160,
              "state": "passed",
              "speed": "medium",
              "pass": true,
              "fail": false,
              "pending": false,
              "context": null,
              "code": "const state = window.testState;\nreturn cy\n  .then(() => state.onStartScenario(scenario, indexedSteps))\n  .then(() =>\n    resolveAndRunBeforeHooks.call(this, scenario.tags, state.feature.name)\n  )\n  .then(() =>\n    indexedSteps.forEach((step) =>\n      stepTest.call(this, state, step, rowData)\n    )\n  )\n  .then(() => state.onFinishScenario(scenario));",
              "err": {},
              "uuid": "b720cc08-5cb2-49c5-b5b7-2b3a4a4a48da",
              "parentUUID": "b39963b8-e55f-4514-a764-9e4c0dcca7ca",
              "isHook": false,
              "skipped": false
            },
            {
              "title": "Invalid login with password only filled",
              "fullTitle": "Login Functionality Invalid login with password only filled",
              "timedOut": null,
              "duration": 8471,
              "state": "passed",
              "speed": "medium",
              "pass": true,
              "fail": false,
              "pending": false,
              "context": null,
              "code": "const state = window.testState;\nreturn cy\n  .then(() => state.onStartScenario(scenario, indexedSteps))\n  .then(() =>\n    resolveAndRunBeforeHooks.call(this, scenario.tags, state.feature.name)\n  )\n  .then(() =>\n    indexedSteps.forEach((step) =>\n      stepTest.call(this, state, step, rowData)\n    )\n  )\n  .then(() => state.onFinishScenario(scenario));",
              "err": {},
              "uuid": "77bd0c7f-fafc-450e-9401-8ba6701e37dd",
              "parentUUID": "b39963b8-e55f-4514-a764-9e4c0dcca7ca",
              "isHook": false,
              "skipped": false
            },
            {
              "title": "Invalid login with SQL injection attempt",
              "fullTitle": "Login Functionality Invalid login with SQL injection attempt",
              "timedOut": null,
              "duration": 9367,
              "state": "passed",
              "speed": "medium",
              "pass": true,
              "fail": false,
              "pending": false,
              "context": null,
              "code": "const state = window.testState;\nreturn cy\n  .then(() => state.onStartScenario(scenario, indexedSteps))\n  .then(() =>\n    resolveAndRunBeforeHooks.call(this, scenario.tags, state.feature.name)\n  )\n  .then(() =>\n    indexedSteps.forEach((step) =>\n      stepTest.call(this, state, step, rowData)\n    )\n  )\n  .then(() => state.onFinishScenario(scenario));",
              "err": {},
              "uuid": "5eeab97d-0bbd-46d9-a538-2b53bcd8b065",
              "parentUUID": "b39963b8-e55f-4514-a764-9e4c0dcca7ca",
              "isHook": false,
              "skipped": false
            },
            {
              "title": "Invalid login with username case sensitivity",
              "fullTitle": "Login Functionality Invalid login with username case sensitivity",
              "timedOut": null,
              "duration": 19752,
              "state": "failed",
              "speed": null,
              "pass": false,
              "fail": true,
              "pending": false,
              "context": null,
              "code": "const state = window.testState;\nreturn cy\n  .then(() => state.onStartScenario(scenario, indexedSteps))\n  .then(() =>\n    resolveAndRunBeforeHooks.call(this, scenario.tags, state.feature.name)\n  )\n  .then(() =>\n    indexedSteps.forEach((step) =>\n      stepTest.call(this, state, step, rowData)\n    )\n  )\n  .then(() => state.onFinishScenario(scenario));",
              "err": {
                "message": "AssertionError: Timed out retrying after 10000ms: Expected to find content: 'Invalid credentials' but never did.",
                "estack": "AssertionError: Timed out retrying after 10000ms: Expected to find content: 'Invalid credentials' but never did.\n    at Context.eval (cypress/e2e/step_definitions/login.js:23:39)\n    at Context.resolveAndRunStepDefinition (node_modules/cypress-cucumber-preprocessor/lib/resolveStepDefinition.js:193:0)\n    at Context.eval (node_modules/cypress-cucumber-preprocessor/lib/createTestFromScenario.js:27:0)\n    at getRet (https://opensource-demo.orangehrmlive.com/__cypress/runner/cypress_runner.js:120941:20)\n    at tryCatcher (https://opensource-demo.orangehrmlive.com/__cypress/runner/cypress_runner.js:1777:23)\n    at Promise.attempt.Promise.try (https://opensource-demo.orangehrmlive.com/__cypress/runner/cypress_runner.js:4285:29)\n    at Context.thenFn (https://opensource-demo.orangehrmlive.com/__cypress/runner/cypress_runner.js:120952:66)\n    at Context.then (https://opensource-demo.orangehrmlive.com/__cypress/runner/cypress_runner.js:121203:21)\n    at wrapped (https://opensource-demo.orangehrmlive.com/__cypress/runner/cypress_runner.js:141524:19)",
                "diff": null
              },
              "uuid": "9ec67a4c-001f-42ba-ab1c-f6276233f736",
              "parentUUID": "b39963b8-e55f-4514-a764-9e4c0dcca7ca",
              "isHook": false,
              "skipped": false
            },
            {
              "title": "Invalid login with password case sensitivity",
              "fullTitle": "Login Functionality Invalid login with password case sensitivity",
              "timedOut": null,
              "duration": 9813,
              "state": "passed",
              "speed": "medium",
              "pass": true,
              "fail": false,
              "pending": false,
              "context": null,
              "code": "const state = window.testState;\nreturn cy\n  .then(() => state.onStartScenario(scenario, indexedSteps))\n  .then(() =>\n    resolveAndRunBeforeHooks.call(this, scenario.tags, state.feature.name)\n  )\n  .then(() =>\n    indexedSteps.forEach((step) =>\n      stepTest.call(this, state, step, rowData)\n    )\n  )\n  .then(() => state.onFinishScenario(scenario));",
              "err": {},
              "uuid": "a0a38ad9-8691-4c82-8e9f-94216c899073",
              "parentUUID": "b39963b8-e55f-4514-a764-9e4c0dcca7ca",
              "isHook": false,
              "skipped": false
            },
            {
              "title": "Invalid login with very long input",
              "fullTitle": "Login Functionality Invalid login with very long input",
              "timedOut": null,
              "duration": 10571,
              "state": "passed",
              "speed": "slow",
              "pass": true,
              "fail": false,
              "pending": false,
              "context": null,
              "code": "const state = window.testState;\nreturn cy\n  .then(() => state.onStartScenario(scenario, indexedSteps))\n  .then(() =>\n    resolveAndRunBeforeHooks.call(this, scenario.tags, state.feature.name)\n  )\n  .then(() =>\n    indexedSteps.forEach((step) =>\n      stepTest.call(this, state, step, rowData)\n    )\n  )\n  .then(() => state.onFinishScenario(scenario));",
              "err": {},
              "uuid": "7286964a-d9a8-494e-b3e3-1b3025245aa5",
              "parentUUID": "b39963b8-e55f-4514-a764-9e4c0dcca7ca",
              "isHook": false,
              "skipped": false
            }
          ],
          "suites": [],
          "passes": [
            "ba24f8e3-b1df-4ac3-be1b-dd0ed096fd04",
            "723ab833-7bed-496e-81ba-acd2c774bd5e",
            "0632ad10-7d77-4800-af0f-f8fcc816b3d3",
            "019c85fb-d13c-458e-827d-5919d2fc641f",
            "b720cc08-5cb2-49c5-b5b7-2b3a4a4a48da",
            "77bd0c7f-fafc-450e-9401-8ba6701e37dd",
            "5eeab97d-0bbd-46d9-a538-2b53bcd8b065",
            "a0a38ad9-8691-4c82-8e9f-94216c899073",
            "7286964a-d9a8-494e-b3e3-1b3025245aa5"
          ],
          "failures": [
            "9ec67a4c-001f-42ba-ab1c-f6276233f736"
          ],
          "pending": [],
          "skipped": [],
          "duration": 102715,
          "root": false,
          "rootEmpty": false,
          "_timeout": 2000
        }
      ],
      "passes": [],
      "failures": [],
      "pending": [],
      "skipped": [],
      "duration": 0,
      "root": true,
      "rootEmpty": true,
      "_timeout": 2000
    },
    {
      "uuid": "bf667ffe-bb94-4eca-aa74-73b0108f3443",
      "title": "",
      "fullFile": "cypress\\e2e\\features\\addNewEmployee.feature",
      "file": "cypress\\e2e\\features\\addNewEmployee.feature",
      "beforeHooks": [],
      "afterHooks": [],
      "tests": [],
      "suites": [
        {
          "uuid": "5e518d90-f8d1-44e1-9c3a-31bb6d44c366",
          "title": "Add New Employee Functionality",
          "fullFile": "",
          "file": "",
          "beforeHooks": [],
          "afterHooks": [],
          "tests": [
            {
              "title": "Success adding new employee",
              "fullTitle": "Add New Employee Functionality Success adding new employee",
              "timedOut": null,
              "duration": 23900,
              "state": "passed",
              "speed": "slow",
              "pass": true,
              "fail": false,
              "pending": false,
              "context": null,
              "code": "const state = window.testState;\nreturn cy\n  .then(() => state.onStartScenario(scenario, indexedSteps))\n  .then(() =>\n    resolveAndRunBeforeHooks.call(this, scenario.tags, state.feature.name)\n  )\n  .then(() =>\n    indexedSteps.forEach((step) =>\n      stepTest.call(this, state, step, rowData)\n    )\n  )\n  .then(() => state.onFinishScenario(scenario));",
              "err": {},
              "uuid": "99970b91-a6bf-4bf5-9f9c-97170ed6b1c4",
              "parentUUID": "5e518d90-f8d1-44e1-9c3a-31bb6d44c366",
              "isHook": false,
              "skipped": false
            },
            {
              "title": "Invalid adding new employee",
              "fullTitle": "Add New Employee Functionality Invalid adding new employee",
              "timedOut": null,
              "duration": 14655,
              "state": "passed",
              "speed": "slow",
              "pass": true,
              "fail": false,
              "pending": false,
              "context": null,
              "code": "const state = window.testState;\nreturn cy\n  .then(() => state.onStartScenario(scenario, indexedSteps))\n  .then(() =>\n    resolveAndRunBeforeHooks.call(this, scenario.tags, state.feature.name)\n  )\n  .then(() =>\n    indexedSteps.forEach((step) =>\n      stepTest.call(this, state, step, rowData)\n    )\n  )\n  .then(() => state.onFinishScenario(scenario));",
              "err": {},
              "uuid": "ae00e28c-8f55-4fc4-9da1-a3fdc5e781d3",
              "parentUUID": "5e518d90-f8d1-44e1-9c3a-31bb6d44c366",
              "isHook": false,
              "skipped": false
            },
            {
              "title": "Adding new employee with numeric last name",
              "fullTitle": "Add New Employee Functionality Adding new employee with numeric last name",
              "timedOut": null,
              "duration": 27600,
              "state": "failed",
              "speed": null,
              "pass": false,
              "fail": true,
              "pending": false,
              "context": null,
              "code": "const state = window.testState;\nreturn cy\n  .then(() => state.onStartScenario(scenario, indexedSteps))\n  .then(() =>\n    resolveAndRunBeforeHooks.call(this, scenario.tags, state.feature.name)\n  )\n  .then(() =>\n    indexedSteps.forEach((step) =>\n      stepTest.call(this, state, step, rowData)\n    )\n  )\n  .then(() => state.onFinishScenario(scenario));",
              "err": {
                "message": "AssertionError: Timed out retrying after 10000ms: Expected to find content: 'Only letters are allowed' but never did.",
                "estack": "AssertionError: Timed out retrying after 10000ms: Expected to find content: 'Only letters are allowed' but never did.\n    at Context.eval (cypress/e2e/step_definitions/addNewEmployee.js:40:44)\n    at Context.resolveAndRunStepDefinition (node_modules/cypress-cucumber-preprocessor/lib/resolveStepDefinition.js:193:0)\n    at Context.eval (node_modules/cypress-cucumber-preprocessor/lib/createTestFromScenario.js:27:0)\n    at getRet (https://opensource-demo.orangehrmlive.com/__cypress/runner/cypress_runner.js:120941:20)\n    at tryCatcher (https://opensource-demo.orangehrmlive.com/__cypress/runner/cypress_runner.js:1777:23)\n    at Promise.attempt.Promise.try (https://opensource-demo.orangehrmlive.com/__cypress/runner/cypress_runner.js:4285:29)\n    at Context.thenFn (https://opensource-demo.orangehrmlive.com/__cypress/runner/cypress_runner.js:120952:66)\n    at Context.then (https://opensource-demo.orangehrmlive.com/__cypress/runner/cypress_runner.js:121203:21)\n    at wrapped (https://opensource-demo.orangehrmlive.com/__cypress/runner/cypress_runner.js:141524:19)",
                "diff": null
              },
              "uuid": "b0cb9b74-12f7-463b-a666-b1fb21b1123d",
              "parentUUID": "5e518d90-f8d1-44e1-9c3a-31bb6d44c366",
              "isHook": false,
              "skipped": false
            },
            {
              "title": "Cancel adding new employee",
              "fullTitle": "Add New Employee Functionality Cancel adding new employee",
              "timedOut": null,
              "duration": 13332,
              "state": "passed",
              "speed": "slow",
              "pass": true,
              "fail": false,
              "pending": false,
              "context": null,
              "code": "const state = window.testState;\nreturn cy\n  .then(() => state.onStartScenario(scenario, indexedSteps))\n  .then(() =>\n    resolveAndRunBeforeHooks.call(this, scenario.tags, state.feature.name)\n  )\n  .then(() =>\n    indexedSteps.forEach((step) =>\n      stepTest.call(this, state, step, rowData)\n    )\n  )\n  .then(() => state.onFinishScenario(scenario));",
              "err": {},
              "uuid": "cc72451c-0ffe-4296-b408-a4521aa5bcf1",
              "parentUUID": "5e518d90-f8d1-44e1-9c3a-31bb6d44c366",
              "isHook": false,
              "skipped": false
            },
            {
              "title": "Adding new employee with duplicate employee ID",
              "fullTitle": "Add New Employee Functionality Adding new employee with duplicate employee ID",
              "timedOut": null,
              "duration": 26567,
              "state": "passed",
              "speed": "slow",
              "pass": true,
              "fail": false,
              "pending": false,
              "context": null,
              "code": "const state = window.testState;\nreturn cy\n  .then(() => state.onStartScenario(scenario, indexedSteps))\n  .then(() =>\n    resolveAndRunBeforeHooks.call(this, scenario.tags, state.feature.name)\n  )\n  .then(() =>\n    indexedSteps.forEach((step) =>\n      stepTest.call(this, state, step, rowData)\n    )\n  )\n  .then(() => state.onFinishScenario(scenario));",
              "err": {},
              "uuid": "8d1e444c-7ebe-400e-9f75-2c570f134c15",
              "parentUUID": "5e518d90-f8d1-44e1-9c3a-31bb6d44c366",
              "isHook": false,
              "skipped": false
            }
          ],
          "suites": [],
          "passes": [
            "99970b91-a6bf-4bf5-9f9c-97170ed6b1c4",
            "ae00e28c-8f55-4fc4-9da1-a3fdc5e781d3",
            "cc72451c-0ffe-4296-b408-a4521aa5bcf1",
            "8d1e444c-7ebe-400e-9f75-2c570f134c15"
          ],
          "failures": [
            "b0cb9b74-12f7-463b-a666-b1fb21b1123d"
          ],
          "pending": [],
          "skipped": [],
          "duration": 106054,
          "root": false,
          "rootEmpty": false,
          "_timeout": 2000
        }
      ],
      "passes": [],
      "failures": [],
      "pending": [],
      "skipped": [],
      "duration": 0,
      "root": true,
      "rootEmpty": true,
      "_timeout": 2000
    }
  ],
  "meta": {
    "mocha": {
      "version": "7.2.0"
    },
    "mochawesome": {
      "options": {
        "quiet": false,
        "reportFilename": "mochawesome",
        "saveHtml": false,
        "saveJson": true,
        "consoleReporter": "spec",
        "useInlineDiffs": false,
        "code": true
      },
      "version": "7.1.3"
    },
    "marge": {
      "options": {
        "reportDir": "cypress/reports",
        "overwrite": false,
        "html": false,
        "json": true
      },
      "version": "6.2.0"
    }
  }
}